<?xml version="1.0" encoding="UTF-8"?>
<testsuite xmlns:xsi="http://www.w3.org/2001/XMLSchema-instance" xsi:noNamespaceSchemaLocation="https://maven.apache.org/surefire/maven-surefire-plugin/xsd/surefire-test-report-3.0.xsd" version="3.0" name="fr.pantheonsorbonne.ufr27.miage.GreetingResourceTest" time="21.883" tests="1" errors="1" skipped="0" failures="0">
  <properties>
[...]
</properties>
  <testcase name="testHelloEndpoint" classname="fr.pantheonsorbonne.ufr27.miage.GreetingResourceTest" time="0.016">
    <error type="java.lang.RuntimeException"><![CDATA[java.lang.RuntimeException: java.lang.RuntimeException: Failed to start quarkus
Caused by: java.lang.RuntimeException: Failed to start quarkus
Caused by: java.lang.RuntimeException: javax.persistence.PersistenceException: [PersistenceUnit: <default>] Unable to build Hibernate SessionFactory
Caused by: javax.persistence.PersistenceException: [PersistenceUnit: <default>] Unable to build Hibernate SessionFactory
Caused by: org.hibernate.exception.SQLGrammarException: Unable to open JDBC Connection for DDL execution
Caused by: java.sql.SQLSyntaxErrorException: Unknown database 'coutanceau_db'
]]></error>
    <system-out><![CDATA[2021-12-01 01:10:23,899 WARN  [io.qua.run.log.LoggingSetupRecorder] (main) Log level TRACE for category 'org.hibernate.type.descriptor.sql.BasicBinder' set below minimum logging level DEBUG, promoting it to DEBUG
2021-12-01 01:10:28,418 WARN  [io.agr.pool] (agroal-11) Datasource '<default>': Unknown database 'coutanceau_db'
2021-12-01 01:10:28,421 WARN  [org.hib.eng.jdb.env.int.JdbcEnvironmentInitiator] (JPA Startup Thread: <default>) HHH000342: Could not obtain connection to query metadata: java.sql.SQLSyntaxErrorException: Unknown database 'coutanceau_db'
	at com.mysql.cj.jdbc.exceptions.SQLError.createSQLException(SQLError.java:120)
	at com.mysql.cj.jdbc.exceptions.SQLExceptionsMapping.translateException(SQLExceptionsMapping.java:122)
	at com.mysql.cj.jdbc.ConnectionImpl.createNewIO(ConnectionImpl.java:828)
	at com.mysql.cj.jdbc.ConnectionImpl.<init>(ConnectionImpl.java:448)
	at com.mysql.cj.jdbc.ConnectionImpl.getInstance(ConnectionImpl.java:241)
	at com.mysql.cj.jdbc.NonRegisteringDriver.connect(NonRegisteringDriver.java:198)
	at io.agroal.pool.ConnectionFactory.createConnection(ConnectionFactory.java:204)
	at io.agroal.pool.ConnectionPool$CreateConnectionTask.call(ConnectionPool.java:470)
	at io.agroal.pool.ConnectionPool$CreateConnectionTask.call(ConnectionPool.java:452)
	at java.base/java.util.concurrent.FutureTask.run(FutureTask.java:264)
	at io.agroal.pool.util.PriorityScheduledExecutor.beforeExecute(PriorityScheduledExecutor.java:68)
	at java.base/java.util.concurrent.ThreadPoolExecutor.runWorker(ThreadPoolExecutor.java:1128)
	at java.base/java.util.concurrent.ThreadPoolExecutor$Worker.run(ThreadPoolExecutor.java:630)
	at java.base/java.lang.Thread.run(Thread.java:831)

2021-12-01 01:10:30,538 WARN  [io.agr.pool] (agroal-11) Datasource '<default>': Unknown database 'coutanceau_db'
2021-12-01 01:10:30,540 WARN  [org.hib.eng.jdb.spi.SqlExceptionHelper] (JPA Startup Thread: <default>) SQL Error: 1049, SQLState: 42000
2021-12-01 01:10:30,540 ERROR [org.hib.eng.jdb.spi.SqlExceptionHelper] (JPA Startup Thread: <default>) Unknown database 'coutanceau_db'
]]></system-out>
  </testcase>
</testsuite>